<?xml version="1.0" encoding="UTF-8"?>
<testsuite xmlns:xsi="http://www.w3.org/2001/XMLSchema-instance" xsi:noNamespaceSchemaLocation="https://maven.apache.org/surefire/maven-surefire-plugin/xsd/surefire-test-report-3.0.xsd" version="3.0" name="spw4.connectfour.ConnectFourImplTests" time="0.101" tests="36" errors="0" skipped="0" failures="0">
  <properties>
[...]
</properties>
  <testcase name="toString_PrintsCorrectBoard(int)[1]" classname="spw4.connectfour.ConnectFourImplTests" time="0.053"/>
  <testcase name="ctor_withValidPlayer_ReturnsConnectFourImplClass(Player)[1]" classname="spw4.connectfour.ConnectFourImplTests" time="0.001"/>
  <testcase name="ctor_withValidPlayer_ReturnsConnectFourImplClass(Player)[2]" classname="spw4.connectfour.ConnectFourImplTests" time="0.0"/>
  <testcase name="getPlayerOnTurn_ReturnsCurrentPlayer(Player)[1]" classname="spw4.connectfour.ConnectFourImplTests" time="0.002"/>
  <testcase name="getPlayerOnTurn_ReturnsCurrentPlayer(Player)[2]" classname="spw4.connectfour.ConnectFourImplTests" time="0.0"/>
  <testcase name="hasFourConnected_LeftEdge_NoBoundaryViolation" classname="spw4.connectfour.ConnectFourImplTests" time="0.001"/>
  <testcase name="reset_withNull_ThrowsException" classname="spw4.connectfour.ConnectFourImplTests" time="0.001"/>
  <testcase name="hasFourConnected_YellowWins_GameIsOver" classname="spw4.connectfour.ConnectFourImplTests" time="0.0"/>
  <testcase name="reset_afterGameOver_ResetsGameState" classname="spw4.connectfour.ConnectFourImplTests" time="0.0"/>
  <testcase name="reset_withValidPlayerYellow_ResetsGameState" classname="spw4.connectfour.ConnectFourImplTests" time="0.0"/>
  <testcase name="hasFourConnected_DiagonalDownLeftWin_GameIsOver" classname="spw4.connectfour.ConnectFourImplTests" time="0.0"/>
  <testcase name="hasFourConnected_DiagonalDownRightWin_GameIsOver" classname="spw4.connectfour.ConnectFourImplTests" time="0.0"/>
  <testcase name="getPlayerAt_withInvalidRow_ThrowsException" classname="spw4.connectfour.ConnectFourImplTests" time="0.0"/>
  <testcase name="drop_withValidCoords_PlacesCoin(int)[1]" classname="spw4.connectfour.ConnectFourImplTests" time="0.001"/>
  <testcase name="drop_withValidCoords_PlacesCoin(int)[2]" classname="spw4.connectfour.ConnectFourImplTests" time="0.0"/>
  <testcase name="drop_withValidCoords_PlacesCoin(int)[3]" classname="spw4.connectfour.ConnectFourImplTests" time="0.0"/>
  <testcase name="hasFourConnected_VerticalWin_GameIsOver" classname="spw4.connectfour.ConnectFourImplTests" time="0.0"/>
  <testcase name="drop_withValidCoords_ButAlreadyFullyOccupiedRow_ThrowsException(int)[1]" classname="spw4.connectfour.ConnectFourImplTests" time="0.001"/>
  <testcase name="drop_withValidCoords_ButAlreadyFullyOccupiedRow_ThrowsException(int)[2]" classname="spw4.connectfour.ConnectFourImplTests" time="0.0"/>
  <testcase name="drop_withValidCoords_ButAlreadyFullyOccupiedRow_ThrowsException(int)[3]" classname="spw4.connectfour.ConnectFourImplTests" time="0.0"/>
  <testcase name="ctor_withWrongPlayer_ThrowsException" classname="spw4.connectfour.ConnectFourImplTests" time="0.0"/>
  <testcase name="hasFourConnected_HorizontalWin_GameIsOver" classname="spw4.connectfour.ConnectFourImplTests" time="0.0"/>
  <testcase name="isGameOver_ReturnsFalse(Player)[1]" classname="spw4.connectfour.ConnectFourImplTests" time="0.0"/>
  <testcase name="isGameOver_ReturnsFalse(Player)[2]" classname="spw4.connectfour.ConnectFourImplTests" time="0.0"/>
  <testcase name="reset_duringActiveGame_ClearsBoard" classname="spw4.connectfour.ConnectFourImplTests" time="0.0"/>
  <testcase name="hasFourConnected_BottomEdge_NoBoundaryViolation" classname="spw4.connectfour.ConnectFourImplTests" time="0.0"/>
  <testcase name="ctor_withNull_ThrowsException" classname="spw4.connectfour.ConnectFourImplTests" time="0.001"/>
  <testcase name="hasFourConnected_NoWin_GameContinues" classname="spw4.connectfour.ConnectFourImplTests" time="0.0"/>
  <testcase name="hasFourConnected_RightEdge_NoBoundaryViolation" classname="spw4.connectfour.ConnectFourImplTests" time="0.0"/>
  <testcase name="reset_withValidPlayerRed_ResetsGameState" classname="spw4.connectfour.ConnectFourImplTests" time="0.0"/>
  <testcase name="drop_withInvalidCoords_ThrowsException(int)[1]" classname="spw4.connectfour.ConnectFourImplTests" time="0.0"/>
  <testcase name="drop_withInvalidCoords_ThrowsException(int)[2]" classname="spw4.connectfour.ConnectFourImplTests" time="0.001"/>
  <testcase name="drop_withInvalidCoords_ThrowsException(int)[3]" classname="spw4.connectfour.ConnectFourImplTests" time="0.0"/>
  <testcase name="drop_withInvalidCoords_ThrowsException(int)[4]" classname="spw4.connectfour.ConnectFourImplTests" time="0.001"/>
  <testcase name="getPlayerAt_withInvalidCol_ThrowsException" classname="spw4.connectfour.ConnectFourImplTests" time="0.0"/>
  <testcase name="reset_withPlayerNone_ThrowsException" classname="spw4.connectfour.ConnectFourImplTests" time="0.001"/>
</testsuite>